#
# There is insufficient memory for the Java Runtime Environment to continue.
# Native memory allocation (mmap) failed to map 132120576 bytes for G1 virtual space
# Possible reasons:
#   The system is out of physical RAM or swap space
#   The process is running with CompressedOops enabled, and the Java Heap may be blocking the growth of the native heap
# Possible solutions:
#   Reduce memory load on the system
#   Increase physical memory or swap space
#   Check if swap backing store is full
#   Decrease Java heap size (-Xmx/-Xms)
#   Decrease number of Java threads
#   Decrease Java thread stack sizes (-Xss)
#   Set larger code cache with -XX:ReservedCodeCacheSize=
#   JVM is running with Unscaled Compressed Oops mode in which the Java heap is
#     placed in the first 4GB address space. The Java Heap base address is the
#     maximum limit for the native heap growth. Please use -XX:HeapBaseMinAddress
#     to set the Java Heap base and to place the Java Heap above 4GB virtual address.
# This output file may be truncated or incomplete.
#
#  Out of Memory Error (os_windows.cpp:3469), pid=47056, tid=63264
#
# JRE version:  (17.0.1+12) (build )
# Java VM: OpenJDK 64-Bit Server VM (17.0.1+12, mixed mode, sharing, tiered, compressed oops, compressed class ptrs, g1 gc, windows-amd64)
# No core dump will be written. Minidumps are not enabled by default on client versions of Windows
#

---------------  S U M M A R Y ------------

Command Line: C:\Users\sheta\AppData\Local\Temp\surefire16227077568995738288\surefirebooter-20230214204350867_3.jar C:\Users\sheta\AppData\Local\Temp\surefire16227077568995738288 2023-02-14T20-43-33_592-jvmRun1 surefire-20230214204350867_1tmp surefire_0-20230214204350867_2tmp

Host: 11th Gen Intel(R) Core(TM) i3-1115G4 @ 3.00GHz, 4 cores, 7G,  Windows 10 , 64 bit Build 22000 (10.0.22000.1335)
Time: Tue Feb 14 20:43:51 2023 India Standard Time elapsed time: 0.011980 seconds (0d 0h 0m 0s)

---------------  T H R E A D  ---------------

Current thread (0x000002a11bece7e0):  JavaThread "Unknown thread" [_thread_in_vm, id=63264, stack(0x000000cffda00000,0x000000cffdb00000)]

Stack: [0x000000cffda00000,0x000000cffdb00000]
Native frames: (J=compiled Java code, j=interpreted, Vv=VM code, C=native code)
V  [jvm.dll+0x6744da]
V  [jvm.dll+0x82e144]
V  [jvm.dll+0x82f8ee]
V  [jvm.dll+0x82ff53]
V  [jvm.dll+0x245175]
V  [jvm.dll+0x6714c9]
V  [jvm.dll+0x665f92]
V  [jvm.dll+0x303c3b]
V  [jvm.dll+0x30b176]
V  [jvm.dll+0x35af1e]
V  [jvm.dll+0x35b14f]
V  [jvm.dll+0x2dab78]
V  [jvm.dll+0x2dbae4]
V  [jvm.dll+0x7ffdf1]
V  [jvm.dll+0x368c91]
V  [jvm.dll+0x7df2cc]
V  [jvm.dll+0x3eb59f]
V  [jvm.dll+0x3ed121]
C  [jli.dll+0x5277]
C  [ucrtbase.dll+0x26c0c]
C  [KERNEL32.DLL+0x155a0]
C  [ntdll.dll+0x485b]


---------------  P R O C E S S  ---------------

Threads class SMR info:
_java_thread_list=0x00007ff836884e58, length=0, elements={
}

Java Threads: ( => current thread )

Other Threads:
  0x000002a11c0429d0 GCTaskThread "GC Thread#0" [stack: 0x000000cffdb00000,0x000000cffdc00000] [id=42856]
  0x000002a11c053060 ConcurrentGCThread "G1 Main Marker" [stack: 0x000000cffdc00000,0x000000cffdd00000] [id=39596]
  0x000002a11c0539e0 ConcurrentGCThread "G1 Conc#0" [stack: 0x000000cffdd00000,0x000000cffde00000] [id=65340]

[error occurred during error reporting (printing all threads), id 0xc0000005, EXCEPTION_ACCESS_VIOLATION (0xc0000005) at pc=0x00007ff83605b5f7]

VM state: not at safepoint (not fully initialized)

VM Mutex/Monitor currently owned by a thread:  ([mutex/lock_event])
[0x000002a11beca750] Heap_lock - owner thread: 0x000002a11bece7e0

Heap address: 0x0000000083600000, size: 1994 MB, Compressed Oops mode: 32-bit

CDS archive(s) mapped at: [0x0000000000000000-0x0000000000000000-0x0000000000000000), size 0, SharedBaseAddress: 0x0000000800000000, ArchiveRelocationMode: 0.
Narrow klass base: 0x0000000000000000, Narrow klass shift: 0, Narrow klass range: 0x0

GC Precious Log:
<Empty>

Heap:
 garbage-first heap   total 0K, used 0K [0x0000000083600000, 0x0000000100000000)
  region size 1024K, 0 young (0K), 0 survivors (0K)

[error occurred during error reporting (printing heap information), id 0xc0000005, EXCEPTION_ACCESS_VIOLATION (0xc0000005) at pc=0x00007ff83643d729]

GC Heap History (0 events):
No events

Deoptimization events (0 events):
No events

Classes unloaded (0 events):
No events

Classes redefined (0 events):
No events

Internal exceptions (0 events):
No events

VM Operations (0 events):
No events

Events (1 events):
Event: 0.005 Loaded shared library C:\Users\sheta\Downloads\eclipse-java-2021-12-R-win32-x86_64\eclipse\plugins\org.eclipse.justj.openjdk.hotspot.jre.full.win32.x86_64_17.0.1.v20211116-1657\jre\bin\java.dll


Dynamic libraries:
0x00007ff6819e0000 - 0x00007ff6819ee000 	C:\Users\sheta\Downloads\eclipse-java-2021-12-R-win32-x86_64\eclipse\plugins\org.eclipse.justj.openjdk.hotspot.jre.full.win32.x86_64_17.0.1.v20211116-1657\jre\bin\java.exe
0x00007ff886760000 - 0x00007ff886969000 	C:\WINDOWS\SYSTEM32\ntdll.dll
0x00007ff885e30000 - 0x00007ff885eee000 	C:\WINDOWS\System32\KERNEL32.DLL
0x00007ff883f10000 - 0x00007ff88428b000 	C:\WINDOWS\System32\KERNELBASE.dll
0x00007ff883c30000 - 0x00007ff883d41000 	C:\WINDOWS\System32\ucrtbase.dll
0x00007ff877290000 - 0x00007ff8772a8000 	C:\Users\sheta\Downloads\eclipse-java-2021-12-R-win32-x86_64\eclipse\plugins\org.eclipse.justj.openjdk.hotspot.jre.full.win32.x86_64_17.0.1.v20211116-1657\jre\bin\jli.dll
0x00007ff8751b0000 - 0x00007ff8751c9000 	C:\Users\sheta\Downloads\eclipse-java-2021-12-R-win32-x86_64\eclipse\plugins\org.eclipse.justj.openjdk.hotspot.jre.full.win32.x86_64_17.0.1.v20211116-1657\jre\bin\VCRUNTIME140.dll
0x00007ff885b10000 - 0x00007ff885cbd000 	C:\WINDOWS\System32\USER32.dll
0x00007ff883d50000 - 0x00007ff883d76000 	C:\WINDOWS\System32\win32u.dll
0x00007ff86d750000 - 0x00007ff86d9f5000 	C:\WINDOWS\WinSxS\amd64_microsoft.windows.common-controls_6595b64144ccf1df_6.0.22000.120_none_9d947278b86cc467\COMCTL32.dll
0x00007ff885fc0000 - 0x00007ff885fe9000 	C:\WINDOWS\System32\GDI32.dll
0x00007ff885970000 - 0x00007ff885a13000 	C:\WINDOWS\System32\msvcrt.dll
0x00007ff884400000 - 0x00007ff884518000 	C:\WINDOWS\System32\gdi32full.dll
0x00007ff883d80000 - 0x00007ff883e1d000 	C:\WINDOWS\System32\msvcp_win.dll
0x00007ff886280000 - 0x00007ff8862b2000 	C:\WINDOWS\System32\IMM32.DLL
0x00007ff877280000 - 0x00007ff87728c000 	C:\Users\sheta\Downloads\eclipse-java-2021-12-R-win32-x86_64\eclipse\plugins\org.eclipse.justj.openjdk.hotspot.jre.full.win32.x86_64_17.0.1.v20211116-1657\jre\bin\vcruntime140_1.dll
0x00007ff85d3f0000 - 0x00007ff85d481000 	C:\Users\sheta\Downloads\eclipse-java-2021-12-R-win32-x86_64\eclipse\plugins\org.eclipse.justj.openjdk.hotspot.jre.full.win32.x86_64_17.0.1.v20211116-1657\jre\bin\msvcp140.dll
0x00007ff835d70000 - 0x00007ff8369b6000 	C:\Users\sheta\Downloads\eclipse-java-2021-12-R-win32-x86_64\eclipse\plugins\org.eclipse.justj.openjdk.hotspot.jre.full.win32.x86_64_17.0.1.v20211116-1657\jre\bin\server\jvm.dll
0x00007ff886590000 - 0x00007ff88663e000 	C:\WINDOWS\System32\ADVAPI32.dll
0x00007ff8864f0000 - 0x00007ff88658e000 	C:\WINDOWS\System32\sechost.dll
0x00007ff885d10000 - 0x00007ff885e30000 	C:\WINDOWS\System32\RPCRT4.dll
0x00007ff885ff0000 - 0x00007ff885ff8000 	C:\WINDOWS\System32\PSAPI.DLL
0x00007ff87f930000 - 0x00007ff87f963000 	C:\WINDOWS\SYSTEM32\WINMM.dll
0x00007ff86c3b0000 - 0x00007ff86c3b9000 	C:\WINDOWS\SYSTEM32\WSOCK32.dll
0x00007ff886000000 - 0x00007ff88606f000 	C:\WINDOWS\System32\WS2_32.dll
0x00007ff878190000 - 0x00007ff87819a000 	C:\WINDOWS\SYSTEM32\VERSION.dll
0x00007ff882d20000 - 0x00007ff882d38000 	C:\WINDOWS\SYSTEM32\kernel.appcore.dll
0x00007ff87eb00000 - 0x00007ff87eb0a000 	C:\Users\sheta\Downloads\eclipse-java-2021-12-R-win32-x86_64\eclipse\plugins\org.eclipse.justj.openjdk.hotspot.jre.full.win32.x86_64_17.0.1.v20211116-1657\jre\bin\jimage.dll
0x00007ff881620000 - 0x00007ff881841000 	C:\WINDOWS\SYSTEM32\DBGHELP.DLL
0x00007ff87f7e0000 - 0x00007ff87f811000 	C:\WINDOWS\SYSTEM32\dbgcore.DLL
0x00007ff883e90000 - 0x00007ff883f0f000 	C:\WINDOWS\System32\bcryptPrimitives.dll
0x00007ff87bb80000 - 0x00007ff87bba5000 	C:\Users\sheta\Downloads\eclipse-java-2021-12-R-win32-x86_64\eclipse\plugins\org.eclipse.justj.openjdk.hotspot.jre.full.win32.x86_64_17.0.1.v20211116-1657\jre\bin\java.dll

dbghelp: loaded successfully - version: 4.0.5 - missing functions: none
symbol engine: initialized successfully - sym options: 0x614 - pdb path: .;C:\Users\sheta\Downloads\eclipse-java-2021-12-R-win32-x86_64\eclipse\plugins\org.eclipse.justj.openjdk.hotspot.jre.full.win32.x86_64_17.0.1.v20211116-1657\jre\bin;C:\WINDOWS\SYSTEM32;C:\WINDOWS\WinSxS\amd64_microsoft.windows.common-controls_6595b64144ccf1df_6.0.22000.120_none_9d947278b86cc467;C:\Users\sheta\Downloads\eclipse-java-2021-12-R-win32-x86_64\eclipse\plugins\org.eclipse.justj.openjdk.hotspot.jre.full.win32.x86_64_17.0.1.v20211116-1657\jre\bin\server

VM Arguments:
java_command: C:\Users\sheta\AppData\Local\Temp\surefire16227077568995738288\surefirebooter-20230214204350867_3.jar C:\Users\sheta\AppData\Local\Temp\surefire16227077568995738288 2023-02-14T20-43-33_592-jvmRun1 surefire-20230214204350867_1tmp surefire_0-20230214204350867_2tmp
java_class_path (initial): C:\Users\sheta\AppData\Local\Temp\surefire16227077568995738288\surefirebooter-20230214204350867_3.jar
Launcher Type: SUN_STANDARD

[Global flags]
     intx CICompilerCount                          = 3                                         {product} {ergonomic}
     uint ConcGCThreads                            = 1                                         {product} {ergonomic}
     uint G1ConcRefinementThreads                  = 4                                         {product} {ergonomic}
   size_t G1HeapRegionSize                         = 1048576                                   {product} {ergonomic}
    uintx GCDrainStackTargetSize                   = 64                                        {product} {ergonomic}
   size_t InitialHeapSize                          = 132120576                                 {product} {ergonomic}
   size_t MarkStackSize                            = 4194304                                   {product} {ergonomic}
   size_t MaxHeapSize                              = 2090860544                                {product} {ergonomic}
   size_t MinHeapDeltaBytes                        = 1048576                                   {product} {ergonomic}
   size_t MinHeapSize                              = 8388608                                   {product} {ergonomic}
    uintx NonNMethodCodeHeapSize                   = 5832780                                {pd product} {ergonomic}
    uintx NonProfiledCodeHeapSize                  = 122912730                              {pd product} {ergonomic}
    uintx ProfiledCodeHeapSize                     = 122912730                              {pd product} {ergonomic}
    uintx ReservedCodeCacheSize                    = 251658240                              {pd product} {ergonomic}
     bool SegmentedCodeCache                       = true                                      {product} {ergonomic}
   size_t SoftMaxHeapSize                          = 2090860544                             {manageable} {ergonomic}
     bool UseCompressedClassPointers               = true                           {product lp64_product} {ergonomic}
     bool UseCompressedOops                        = true                           {product lp64_product} {ergonomic}
     bool UseG1GC                                  = true                                      {product} {ergonomic}
     bool UseLargePagesIndividualAllocation        = false                                  {pd product} {ergonomic}

Logging:
Log output configuration:
 #0: stdout all=warning uptime,level,tags
 #1: stderr all=off uptime,level,tags

Environment Variables:
JAVA_HOME=C:\Program Files\Java\jdk-17.0.1
PATH=C:/Users/sheta/Downloads/eclipse-java-2021-12-R-win32-x86_64/eclipse//plugins/org.eclipse.justj.openjdk.hotspot.jre.full.win32.x86_64_17.0.1.v20211116-1657/jre/bin/server;C:/Users/sheta/Downloads/eclipse-java-2021-12-R-win32-x86_64/eclipse//plugins/org.eclipse.justj.openjdk.hotspot.jre.full.win32.x86_64_17.0.1.v20211116-1657/jre/bin;C:\Program Files\Common Files\Oracle\Java\javapath;C:\Python310\Scripts\;C:\Python310\;C:\WINDOWS\system32;C:\WINDOWS;C:\WINDOWS\System32\Wbem;C:\WINDOWS\System32\WindowsPowerShell\v1.0\;C:\WINDOWS\System32\OpenSSH\;C:\Program Files\nodejs\;C:\ProgramData\chocolatey\bin;C:\Program Files\dotnet\;C:\Program Files\Git\cmd;C:\Program Files\MySQL\MySQL Shell 8.0\bin\;C:\Users\sheta\AppData\Local\Microsoft\WindowsApps;;C:\Program Files\JetBrains\PyCharm 2021.2.2\bin;;C:\Program Files\JetBrains\PyCharm Community Edition 2021.2.2\bin;;C:\Users\sheta\AppData\Roaming\npm;C:\Users\sheta\Downloads\eclipse-java-2021-12-R-win32-x86_64\eclipse;
USERNAME=Adithya
OS=Windows_NT
PROCESSOR_IDENTIFIER=Intel64 Family 6 Model 140 Stepping 1, GenuineIntel



---------------  S Y S T E M  ---------------

OS:
 Windows 10 , 64 bit Build 22000 (10.0.22000.1335)
OS uptime: 38 days 2:06 hours

CPU: total 4 (initial active 4) (2 cores per cpu, 2 threads per core) family 6 model 140 stepping 1 microcode 0x8a, cx8, cmov, fxsr, ht, mmx, 3dnowpref, sse, sse2, sse3, ssse3, sse4.1, sse4.2, popcnt, lzcnt, tsc, tscinvbit, avx, avx2, aes, erms, clmul, bmi1, bmi2, adx, avx512f, avx512dq, avx512cd, avx512bw, avx512vl, sha, fma, vzeroupper, avx512_vpopcntdq, avx512_vpclmulqdq, avx512_vaes, avx512_vnni, clflush, clflushopt, clwb, avx512_vbmi2, avx512_vbmi

Memory: 4k page, system-wide physical 7975M (886M free)
TotalPageFile size 20775M (AvailPageFile size 39M)
current process WorkingSet (physical memory assigned to process): 10M, peak: 10M
current process commit charge ("private bytes"): 51M, peak: 177M

vm_info: OpenJDK 64-Bit Server VM (17.0.1+12) for windows-amd64 JRE (17.0.1+12), built on Oct 20 2021 07:42:55 by "" with MS VC++ 16.7 (VS2019)

END.
